<?xml version="1.0" encoding="UTF-8"?>
<testng-results skipped="0" failed="1" ignored="0" total="5" passed="4">
  <reporter-output>
  </reporter-output>
  <suite name="Default suite" duration-ms="20778" started-at="2018-12-12T21:22:26Z" finished-at="2018-12-12T21:22:47Z">
    <groups>
    </groups>
    <test name="Default test" duration-ms="20778" started-at="2018-12-12T21:22:26Z" finished-at="2018-12-12T21:22:47Z">
      <class name="pomdesign.WebOrderTest">
        <test-method status="PASS" signature="setUp()[pri:0, instance:pomdesign.WebOrderTest@6d4b1c02]" name="setUp" is-config="true" duration-ms="1618" started-at="2018-12-12T21:22:31Z" finished-at="2018-12-12T21:22:33Z">
          <reporter-output>
          </reporter-output>
        </test-method> <!-- setUp -->
        <test-method status="FAIL" signature="ProductTest()[pri:0, instance:pomdesign.WebOrderTest@6d4b1c02]" name="ProductTest" duration-ms="10771" started-at="2018-12-12T21:22:33Z" finished-at="2018-12-12T21:22:44Z">
          <exception class="java.lang.AssertionError">
            <message>
              <![CDATA[expected:<[]> but was:<[MyMoney, FamilyAlbum, ScreenSaver]>]]>
            </message>
            <full-stacktrace>
              <![CDATA[java.lang.AssertionError: expected:<[]> but was:<[MyMoney, FamilyAlbum, ScreenSaver]>
at org.testng.AssertJUnit.fail(AssertJUnit.java:59)
at org.testng.AssertJUnit.failNotEquals(AssertJUnit.java:364)
at org.testng.AssertJUnit.assertEquals(AssertJUnit.java:80)
at org.testng.AssertJUnit.assertEquals(AssertJUnit.java:88)
at pomdesign.WebOrderTest.ProductTest(WebOrderTest.java:95)
at sun.reflect.NativeMethodAccessorImpl.invoke0(Native Method)
at sun.reflect.NativeMethodAccessorImpl.invoke(NativeMethodAccessorImpl.java:62)
at sun.reflect.DelegatingMethodAccessorImpl.invoke(DelegatingMethodAccessorImpl.java:43)
at java.lang.reflect.Method.invoke(Method.java:498)
at org.testng.internal.MethodInvocationHelper.invokeMethod(MethodInvocationHelper.java:124)
at org.testng.internal.Invoker.invokeMethod(Invoker.java:583)
at org.testng.internal.Invoker.invokeTestMethod(Invoker.java:719)
at org.testng.internal.Invoker.invokeTestMethods(Invoker.java:989)
at org.testng.internal.TestMethodWorker.invokeTestMethods(TestMethodWorker.java:125)
at org.testng.internal.TestMethodWorker.run(TestMethodWorker.java:109)
at org.testng.TestRunner.privateRun(TestRunner.java:648)
at org.testng.TestRunner.run(TestRunner.java:505)
at org.testng.SuiteRunner.runTest(SuiteRunner.java:455)
at org.testng.SuiteRunner.runSequentially(SuiteRunner.java:450)
at org.testng.SuiteRunner.privateRun(SuiteRunner.java:415)
at org.testng.SuiteRunner.run(SuiteRunner.java:364)
at org.testng.SuiteRunnerWorker.runSuite(SuiteRunnerWorker.java:52)
at org.testng.SuiteRunnerWorker.run(SuiteRunnerWorker.java:84)
at org.testng.TestNG.runSuitesSequentially(TestNG.java:1208)
at org.testng.TestNG.runSuitesLocally(TestNG.java:1137)
at org.testng.TestNG.runSuites(TestNG.java:1049)
at org.testng.TestNG.run(TestNG.java:1017)
at org.testng.remote.AbstractRemoteTestNG.run(AbstractRemoteTestNG.java:114)
at org.testng.remote.RemoteTestNG.initAndRun(RemoteTestNG.java:251)
at org.testng.remote.RemoteTestNG.main(RemoteTestNG.java:77)
]]>
            </full-stacktrace>
          </exception> <!-- java.lang.AssertionError -->
          <reporter-output>
          </reporter-output>
        </test-method> <!-- ProductTest -->
        <test-method status="PASS" signature="setUp()[pri:0, instance:pomdesign.WebOrderTest@6d4b1c02]" name="setUp" is-config="true" duration-ms="1570" started-at="2018-12-12T21:22:44Z" finished-at="2018-12-12T21:22:45Z">
          <reporter-output>
          </reporter-output>
        </test-method> <!-- setUp -->
        <test-method status="PASS" signature="labelsVerification()[pri:0, instance:pomdesign.WebOrderTest@6d4b1c02]" name="labelsVerification" duration-ms="775" started-at="2018-12-12T21:22:45Z" finished-at="2018-12-12T21:22:46Z">
          <reporter-output>
          </reporter-output>
        </test-method> <!-- labelsVerification -->
      </class> <!-- pomdesign.WebOrderTest -->
      <class name="pomdesign.WebOrderLoginTest">
        <test-method status="PASS" signature="setUp()[pri:0, instance:pomdesign.WebOrderLoginTest@6093dd95]" name="setUp" is-config="true" duration-ms="3238" started-at="2018-12-12T21:22:26Z" finished-at="2018-12-12T21:22:30Z">
          <reporter-output>
          </reporter-output>
        </test-method> <!-- setUp -->
        <test-method status="PASS" signature="setUp()[pri:0, instance:pomdesign.WebOrderTest@6d4b1c02]" name="setUp" is-config="true" duration-ms="1853" started-at="2018-12-12T21:22:30Z" finished-at="2018-12-12T21:22:31Z">
          <reporter-output>
          </reporter-output>
        </test-method> <!-- setUp -->
        <test-method status="PASS" signature="invalidLogin()[pri:0, instance:pomdesign.WebOrderLoginTest@6093dd95]" name="invalidLogin" duration-ms="322" started-at="2018-12-12T21:22:46Z" finished-at="2018-12-12T21:22:46Z">
          <reporter-output>
          </reporter-output>
        </test-method> <!-- invalidLogin -->
        <test-method status="PASS" signature="login()[pri:0, instance:pomdesign.WebOrderLoginTest@6093dd95]" name="login" duration-ms="223" started-at="2018-12-12T21:22:46Z" finished-at="2018-12-12T21:22:47Z">
          <reporter-output>
          </reporter-output>
        </test-method> <!-- login -->
        <test-method status="PASS" signature="loginUsingPOM()[pri:0, instance:pomdesign.WebOrderLoginTest@6093dd95]" name="loginUsingPOM" duration-ms="232" started-at="2018-12-12T21:22:47Z" finished-at="2018-12-12T21:22:47Z">
          <reporter-output>
          </reporter-output>
        </test-method> <!-- loginUsingPOM -->
        <test-method status="PASS" signature="closeUp()[pri:0, instance:pomdesign.WebOrderLoginTest@6093dd95]" name="closeUp" is-config="true" duration-ms="78" started-at="2018-12-12T21:22:47Z" finished-at="2018-12-12T21:22:47Z">
          <reporter-output>
          </reporter-output>
        </test-method> <!-- closeUp -->
        <test-method status="PASS" signature="closeUp()[pri:0, instance:pomdesign.WebOrderTest@6d4b1c02]" name="closeUp" is-config="true" duration-ms="77" started-at="2018-12-12T21:22:47Z" finished-at="2018-12-12T21:22:47Z">
          <reporter-output>
          </reporter-output>
        </test-method> <!-- closeUp -->
      </class> <!-- pomdesign.WebOrderLoginTest -->
    </test> <!-- Default test -->
  </suite> <!-- Default suite -->
</testng-results>
