<?xml version="1.0" encoding="UTF-8"?>
<testng-results skipped="0" failed="1" ignored="0" total="5" passed="4">
  <reporter-output>
  </reporter-output>
  <suite name="Suite" duration-ms="25516" started-at="2018-12-12T21:12:16Z" finished-at="2018-12-12T21:12:41Z">
    <groups>
    </groups>
    <test name="Test" duration-ms="25516" started-at="2018-12-12T21:12:16Z" finished-at="2018-12-12T21:12:41Z">
      <class name="pomdesign.WebOrderTest">
        <test-method status="PASS" signature="setUp()[pri:0, instance:pomdesign.WebOrderTest@5ebec15]" name="setUp" is-config="true" duration-ms="1586" started-at="2018-12-12T21:12:20Z" finished-at="2018-12-12T21:12:21Z">
          <reporter-output>
          </reporter-output>
        </test-method> <!-- setUp -->
        <test-method status="FAIL" signature="ProductTest()[pri:0, instance:pomdesign.WebOrderTest@5ebec15]" name="ProductTest" duration-ms="10815" started-at="2018-12-12T21:12:21Z" finished-at="2018-12-12T21:12:32Z">
          <exception class="java.lang.AssertionError">
            <message>
              <![CDATA[lists don't have the same size expected [3] but found [0]]]>
            </message>
            <full-stacktrace>
              <![CDATA[java.lang.AssertionError: lists don't have the same size expected [3] but found [0]
at org.testng.Assert.fail(Assert.java:96)
at org.testng.Assert.failNotEquals(Assert.java:776)
at org.testng.Assert.assertEqualsImpl(Assert.java:137)
at org.testng.Assert.assertEquals(Assert.java:118)
at org.testng.Assert.assertEquals(Assert.java:652)
at org.testng.Assert.assertEquals(Assert.java:819)
at org.testng.Assert.assertEquals(Assert.java:796)
at pomdesign.WebOrderTest.ProductTest(WebOrderTest.java:91)
at sun.reflect.NativeMethodAccessorImpl.invoke0(Native Method)
at sun.reflect.NativeMethodAccessorImpl.invoke(NativeMethodAccessorImpl.java:62)
at sun.reflect.DelegatingMethodAccessorImpl.invoke(DelegatingMethodAccessorImpl.java:43)
at java.lang.reflect.Method.invoke(Method.java:498)
at org.testng.internal.MethodInvocationHelper.invokeMethod(MethodInvocationHelper.java:124)
at org.testng.internal.Invoker.invokeMethod(Invoker.java:583)
at org.testng.internal.Invoker.invokeTestMethod(Invoker.java:719)
at org.testng.internal.Invoker.invokeTestMethods(Invoker.java:989)
at org.testng.internal.TestMethodWorker.invokeTestMethods(TestMethodWorker.java:125)
at org.testng.internal.TestMethodWorker.run(TestMethodWorker.java:109)
at org.testng.TestRunner.privateRun(TestRunner.java:648)
at org.testng.TestRunner.run(TestRunner.java:505)
at org.testng.SuiteRunner.runTest(SuiteRunner.java:455)
at org.testng.SuiteRunner.runSequentially(SuiteRunner.java:450)
at org.testng.SuiteRunner.privateRun(SuiteRunner.java:415)
at org.testng.SuiteRunner.run(SuiteRunner.java:364)
at org.testng.SuiteRunnerWorker.runSuite(SuiteRunnerWorker.java:52)
at org.testng.SuiteRunnerWorker.run(SuiteRunnerWorker.java:84)
at org.testng.TestNG.runSuitesSequentially(TestNG.java:1208)
at org.testng.TestNG.runSuitesLocally(TestNG.java:1137)
at org.testng.TestNG.runSuites(TestNG.java:1049)
at org.testng.TestNG.run(TestNG.java:1017)
at org.apache.maven.surefire.testng.TestNGExecutor.run(TestNGExecutor.java:282)
at org.apache.maven.surefire.testng.TestNGXmlTestSuite.execute(TestNGXmlTestSuite.java:83)
at org.apache.maven.surefire.testng.TestNGProvider.invoke(TestNGProvider.java:114)
at org.apache.maven.surefire.booter.ForkedBooter.invokeProviderInSameClassLoader(ForkedBooter.java:286)
at org.apache.maven.surefire.booter.ForkedBooter.runSuitesInProcess(ForkedBooter.java:240)
at org.apache.maven.surefire.booter.ForkedBooter.main(ForkedBooter.java:121)
]]>
            </full-stacktrace>
          </exception> <!-- java.lang.AssertionError -->
          <reporter-output>
          </reporter-output>
        </test-method> <!-- ProductTest -->
        <test-method status="PASS" signature="setUp()[pri:0, instance:pomdesign.WebOrderTest@5ebec15]" name="setUp" is-config="true" duration-ms="1593" started-at="2018-12-12T21:12:32Z" finished-at="2018-12-12T21:12:34Z">
          <reporter-output>
          </reporter-output>
        </test-method> <!-- setUp -->
        <test-method status="PASS" signature="labelsVerification()[pri:0, instance:pomdesign.WebOrderTest@5ebec15]" name="labelsVerification" duration-ms="698" started-at="2018-12-12T21:12:34Z" finished-at="2018-12-12T21:12:35Z">
          <reporter-output>
          </reporter-output>
        </test-method> <!-- labelsVerification -->
      </class> <!-- pomdesign.WebOrderTest -->
      <class name="pomdesign.WebOrderLoginTest">
        <test-method status="PASS" signature="setUp()[pri:0, instance:pomdesign.WebOrderLoginTest@21bcffb5]" name="setUp" is-config="true" duration-ms="2726" started-at="2018-12-12T21:12:16Z" finished-at="2018-12-12T21:12:18Z">
          <reporter-output>
          </reporter-output>
        </test-method> <!-- setUp -->
        <test-method status="PASS" signature="setUp()[pri:0, instance:pomdesign.WebOrderTest@5ebec15]" name="setUp" is-config="true" duration-ms="1581" started-at="2018-12-12T21:12:18Z" finished-at="2018-12-12T21:12:20Z">
          <reporter-output>
          </reporter-output>
        </test-method> <!-- setUp -->
        <test-method status="PASS" signature="setUp()[pri:0, instance:pomdesign.WebOrderLoginTest@21bcffb5]" name="setUp" is-config="true" duration-ms="1597" started-at="2018-12-12T21:12:35Z" finished-at="2018-12-12T21:12:36Z">
          <reporter-output>
          </reporter-output>
        </test-method> <!-- setUp -->
        <test-method status="PASS" signature="invalidLogin()[pri:0, instance:pomdesign.WebOrderLoginTest@21bcffb5]" name="invalidLogin" duration-ms="307" started-at="2018-12-12T21:12:36Z" finished-at="2018-12-12T21:12:37Z">
          <reporter-output>
          </reporter-output>
        </test-method> <!-- invalidLogin -->
        <test-method status="PASS" signature="setUp()[pri:0, instance:pomdesign.WebOrderLoginTest@21bcffb5]" name="setUp" is-config="true" duration-ms="1638" started-at="2018-12-12T21:12:37Z" finished-at="2018-12-12T21:12:38Z">
          <reporter-output>
          </reporter-output>
        </test-method> <!-- setUp -->
        <test-method status="PASS" signature="login()[pri:0, instance:pomdesign.WebOrderLoginTest@21bcffb5]" name="login" duration-ms="598" started-at="2018-12-12T21:12:38Z" finished-at="2018-12-12T21:12:39Z">
          <reporter-output>
          </reporter-output>
        </test-method> <!-- login -->
        <test-method status="PASS" signature="setUp()[pri:0, instance:pomdesign.WebOrderLoginTest@21bcffb5]" name="setUp" is-config="true" duration-ms="1572" started-at="2018-12-12T21:12:39Z" finished-at="2018-12-12T21:12:40Z">
          <reporter-output>
          </reporter-output>
        </test-method> <!-- setUp -->
        <test-method status="PASS" signature="loginUsingPOM()[pri:0, instance:pomdesign.WebOrderLoginTest@21bcffb5]" name="loginUsingPOM" duration-ms="575" started-at="2018-12-12T21:12:40Z" finished-at="2018-12-12T21:12:41Z">
          <reporter-output>
          </reporter-output>
        </test-method> <!-- loginUsingPOM -->
        <test-method status="PASS" signature="closeUp()[pri:0, instance:pomdesign.WebOrderLoginTest@21bcffb5]" name="closeUp" is-config="true" duration-ms="77" started-at="2018-12-12T21:12:41Z" finished-at="2018-12-12T21:12:41Z">
          <reporter-output>
          </reporter-output>
        </test-method> <!-- closeUp -->
        <test-method status="PASS" signature="closeUp()[pri:0, instance:pomdesign.WebOrderTest@5ebec15]" name="closeUp" is-config="true" duration-ms="132" started-at="2018-12-12T21:12:41Z" finished-at="2018-12-12T21:12:41Z">
          <reporter-output>
          </reporter-output>
        </test-method> <!-- closeUp -->
      </class> <!-- pomdesign.WebOrderLoginTest -->
    </test> <!-- Test -->
  </suite> <!-- Suite -->
</testng-results>
